  Juego.cpp
C:\Users\titi2021\source\repos\Prueba cpp\Prueba cpp\Jugador.h(4,10): warning C4067: símbolos (token) inesperados después de la directiva del preprocesador; se esperaba una nueva línea
C:\Users\titi2021\source\repos\Prueba cpp\Prueba cpp\Muniaca.h(5,10): warning C4067: símbolos (token) inesperados después de la directiva del preprocesador; se esperaba una nueva línea
C:\Users\titi2021\source\repos\Prueba cpp\Prueba cpp\Juego.cpp(74,12): warning C4244: 'argumento': conversión de 'time_t' a 'unsigned int'; posible pérdida de datos
C:\Users\titi2021\source\repos\Prueba cpp\Prueba cpp\Juego.cpp(88,42): warning C4244: 'argumento': conversión de 'int' a 'T'; posible pérdida de datos
          with
          [
              T=float
          ]
C:\Users\titi2021\source\repos\Prueba cpp\Prueba cpp\Juego.cpp(92,42): warning C4244: 'argumento': conversión de 'int' a 'T'; posible pérdida de datos
          with
          [
              T=float
          ]
C:\Users\titi2021\source\repos\Prueba cpp\Prueba cpp\Juego.cpp(93,35): warning C4244: 'argumento': conversión de 'int' a 'T'; posible pérdida de datos
          with
          [
              T=float
          ]
  Prueba cpp.vcxproj -> C:\Users\titi2021\source\repos\Prueba cpp\Debug\Prueba cpp.exe
